<?xml version="1.0" encoding="UTF-8"?>
<testng-results ignored="0" total="1" passed="1" failed="0" skipped="0">
  <reporter-output>
  </reporter-output>
  <suite started-at="2023-03-24T14:52:09 IST" name="Default suite" finished-at="2023-03-24T14:55:44 IST" duration-ms="214778">
    <groups>
      <group name="cucumber">
        <method signature="AbstractTestNGCucumberTests.runScenario(io.cucumber.testng.PickleWrapper,io.cucumber.testng.FeatureWrapper)[pri:0, instance:runner.runner@470734c3]" name="runScenario" class="io.cucumber.testng.AbstractTestNGCucumberTests"/>
      </group> <!-- cucumber -->
    </groups>
    <test started-at="2023-03-24T14:52:09 IST" name="Default test" finished-at="2023-03-24T14:55:44 IST" duration-ms="214778">
      <class name="runner.runner">
        <test-method is-config="true" signature="setUpClass(org.testng.ITestContext)[pri:0, instance:runner.runner@470734c3]" started-at="2023-03-24T14:52:09 IST" name="setUpClass" finished-at="2023-03-24T14:52:10 IST" duration-ms="800" status="PASS">
          <params>
            <param index="0">
              <value>
                <![CDATA[org.testng.TestRunner@2ef295db]]>
              </value>
            </param>
          </params>
          <reporter-output>
          </reporter-output>
        </test-method> <!-- setUpClass -->
        <test-method signature="runScenario(io.cucumber.testng.PickleWrapper,io.cucumber.testng.FeatureWrapper)[pri:0, instance:runner.runner@470734c3]" started-at="2023-03-24T14:52:10 IST" name="runScenario" description="Runs Cucumber Scenarios" data-provider="scenarios" finished-at="2023-03-24T14:55:43 IST" duration-ms="213570" status="PASS">
          <params>
            <param index="0">
              <value>
                <![CDATA["Check whether maker can able to initiate realtime reversal payment with valid reason checker need to reject and need to see datas in report"]]>
              </value>
            </param>
            <param index="1">
              <value>
                <![CDATA["Optional[Realtime Payment Reversal Initiation, Checker Action and Report]"]]>
              </value>
            </param>
          </params>
          <reporter-output>
          </reporter-output>
        </test-method> <!-- runScenario -->
        <test-method is-config="true" signature="tearDownClass()[pri:0, instance:runner.runner@470734c3]" started-at="2023-03-24T14:55:43 IST" name="tearDownClass" finished-at="2023-03-24T14:55:44 IST" duration-ms="379" status="PASS">
          <reporter-output>
          </reporter-output>
        </test-method> <!-- tearDownClass -->
      </class> <!-- runner.runner -->
    </test> <!-- Default test -->
  </suite> <!-- Default suite -->
</testng-results>
